INFO	2023/11/18 15:27:06 Starting server on :4000
INFO	2023/11/18 15:27:08 [::1]:49619 - HTTP/1.1 GET /metrics
INFO	2023/11/18 15:27:13 [::1]:49620 - HTTP/1.1 GET /
INFO	2023/11/18 15:27:13 [::1]:49620 - HTTP/1.1 GET /static/img/favicon.ico
INFO	2023/11/18 15:27:15 [::1]:49620 - HTTP/1.1 GET /snippet/view/22
INFO	2023/11/18 15:27:18 [::1]:49620 - HTTP/1.1 GET /snippet/view/21
INFO	2023/11/18 15:27:20 [::1]:49620 - HTTP/1.1 GET /snippet/view/15
INFO	2023/11/18 15:27:23 [::1]:49619 - HTTP/1.1 GET /metrics
INFO	2023/11/18 15:27:38 [::1]:49619 - HTTP/1.1 GET /metrics
INFO	2023/11/18 15:27:45 [::1]:49620 - HTTP/1.1 GET /snippet/view/15/error
INFO	2023/11/18 15:27:53 [::1]:49619 - HTTP/1.1 GET /metrics
INFO	2023/11/18 15:28:08 [::1]:49619 - HTTP/1.1 GET /metrics
INFO	2023/11/18 15:28:23 [::1]:49619 - HTTP/1.1 GET /metrics
INFO	2023/11/18 15:28:38 [::1]:49619 - HTTP/1.1 GET /metrics
INFO	2023/11/18 15:28:53 [::1]:49619 - HTTP/1.1 GET /metrics
INFO	2023/11/18 15:29:08 [::1]:49619 - HTTP/1.1 GET /metrics
INFO	2023/11/18 15:29:23 [::1]:49619 - HTTP/1.1 GET /metrics
INFO	2023/11/18 15:29:38 [::1]:49619 - HTTP/1.1 GET /metrics
INFO	2023/11/18 15:29:53 [::1]:49619 - HTTP/1.1 GET /metrics
INFO	2023/11/18 15:30:08 [::1]:49619 - HTTP/1.1 GET /metrics
INFO	2023/11/18 15:30:23 [::1]:49619 - HTTP/1.1 GET /metrics
INFO	2023/11/18 15:30:38 [::1]:49619 - HTTP/1.1 GET /metrics
INFO	2023/11/18 15:30:53 [::1]:49619 - HTTP/1.1 GET /metrics
INFO	2023/11/18 15:31:08 [::1]:49619 - HTTP/1.1 GET /metrics
INFO	2023/11/18 15:31:23 [::1]:49619 - HTTP/1.1 GET /metrics
INFO	2023/11/18 15:31:38 [::1]:49619 - HTTP/1.1 GET /metrics
INFO	2023/11/18 15:31:53 [::1]:49619 - HTTP/1.1 GET /metrics
INFO	2023/11/18 15:32:08 [::1]:49619 - HTTP/1.1 GET /metrics
INFO	2023/11/18 15:32:23 [::1]:49619 - HTTP/1.1 GET /metrics
INFO	2023/11/18 15:32:38 [::1]:49619 - HTTP/1.1 GET /metrics
INFO	2023/11/18 15:32:53 [::1]:49619 - HTTP/1.1 GET /metrics
INFO	2023/11/18 15:33:08 [::1]:49619 - HTTP/1.1 GET /metrics
INFO	2023/11/18 15:33:23 [::1]:49619 - HTTP/1.1 GET /metrics
INFO	2023/11/18 15:33:38 [::1]:49619 - HTTP/1.1 GET /metrics
INFO	2023/11/18 15:33:53 [::1]:49619 - HTTP/1.1 GET /metrics
INFO	2023/11/18 15:34:08 [::1]:49619 - HTTP/1.1 GET /metrics
INFO	2023/11/18 15:34:23 [::1]:49619 - HTTP/1.1 GET /metrics
INFO	2023/11/18 15:34:38 [::1]:49619 - HTTP/1.1 GET /metrics
INFO	2023/11/18 15:34:53 [::1]:49619 - HTTP/1.1 GET /metrics
INFO	2023/11/18 15:35:08 [::1]:49619 - HTTP/1.1 GET /metrics
INFO	2023/11/18 15:35:23 [::1]:49619 - HTTP/1.1 GET /metrics
INFO	2023/11/18 15:35:38 [::1]:49619 - HTTP/1.1 GET /metrics
INFO	2023/11/18 15:35:53 [::1]:49619 - HTTP/1.1 GET /metrics
INFO	2023/11/18 15:36:08 [::1]:49619 - HTTP/1.1 GET /metrics
INFO	2023/11/18 15:36:23 [::1]:49619 - HTTP/1.1 GET /metrics
INFO	2023/11/18 15:36:38 [::1]:49619 - HTTP/1.1 GET /metrics
INFO	2023/11/18 15:36:53 [::1]:49619 - HTTP/1.1 GET /metrics
INFO	2023/11/18 15:37:08 [::1]:49619 - HTTP/1.1 GET /metrics
INFO	2023/11/18 15:37:23 [::1]:49619 - HTTP/1.1 GET /metrics
INFO	2023/11/18 15:37:38 [::1]:49619 - HTTP/1.1 GET /metrics
INFO	2023/11/18 15:37:53 [::1]:49619 - HTTP/1.1 GET /metrics
INFO	2023/11/18 15:38:08 [::1]:49619 - HTTP/1.1 GET /metrics
INFO	2023/11/18 15:38:23 [::1]:49619 - HTTP/1.1 GET /metrics
INFO	2023/11/18 15:38:38 [::1]:49619 - HTTP/1.1 GET /metrics
INFO	2023/11/18 15:38:53 [::1]:49619 - HTTP/1.1 GET /metrics
INFO	2023/11/18 15:39:08 [::1]:49619 - HTTP/1.1 GET /metrics
INFO	2023/11/18 15:39:23 [::1]:49619 - HTTP/1.1 GET /metrics
INFO	2023/11/18 15:39:38 [::1]:49619 - HTTP/1.1 GET /metrics
INFO	2023/11/18 15:39:53 [::1]:49619 - HTTP/1.1 GET /metrics
INFO	2023/11/18 15:40:08 [::1]:49619 - HTTP/1.1 GET /metrics
INFO	2023/11/18 15:40:23 [::1]:49619 - HTTP/1.1 GET /metrics
INFO	2023/11/18 15:40:38 [::1]:49619 - HTTP/1.1 GET /metrics
INFO	2023/11/18 15:40:53 [::1]:49619 - HTTP/1.1 GET /metrics
INFO	2023/11/18 15:41:08 [::1]:49619 - HTTP/1.1 GET /metrics
INFO	2023/11/18 15:41:23 [::1]:49619 - HTTP/1.1 GET /metrics
INFO	2023/11/18 15:41:38 [::1]:49619 - HTTP/1.1 GET /metrics
INFO	2023/11/18 15:41:53 [::1]:49619 - HTTP/1.1 GET /metrics
INFO	2023/11/18 15:42:08 [::1]:49619 - HTTP/1.1 GET /metrics
INFO	2023/11/18 15:42:23 [::1]:49619 - HTTP/1.1 GET /metrics
INFO	2023/11/18 15:42:38 [::1]:49619 - HTTP/1.1 GET /metrics
INFO	2023/11/18 15:42:53 [::1]:49619 - HTTP/1.1 GET /metrics
INFO	2023/11/18 15:43:08 [::1]:49619 - HTTP/1.1 GET /metrics
INFO	2023/11/18 15:43:23 [::1]:49619 - HTTP/1.1 GET /metrics
